2020.01.21 13:15:52:
--------------------------------
SELECT 
 count( posts.id ) as count 
FROM 
	posts


WHERE 
	posts.id = 689 


-- %QUERY_CACHABLE
-- USER_ID: 0


--------------------------------
2020.01.21 13:15:52:
--------------------------------
SELECT 
-- SELECT 
	posts.id as "post.id", 
	posts.title as "post.title", 
	posts.alt_title as "post.alt_title", 
	posts.descr as "post.descr", 
	posts.short_post as "post.short_post", 
	posts.author_id as "post.author_id", 
	posts.created_time as "post.created_time", 
	posts.keywords as "post.keywords", 
	posts.posted as "post.posted", 
	posts.fixed as "post.fixed", 
	posts.static as "post.static", 
	posts.full_post as "post.full_post", 
	posts.repost_tg as "post.repost_tg", 
	categ.id as "categ.id", 
	categ.altname as "categ.altname", 
	categ.name as "categ.name", 
	usr.login as "usr.login", 
	usr.email as "usr.email"
-- SELECT
FROM 
	posts
	LEFT JOIN categories as categ ON ( categ.id = posts.category ) -- JOIN
	LEFT JOIN users as usr ON ( usr.id = posts.author_id ) -- JOIN
WHERE 
	posts.id = 689 
-- ORDER
-- ORDER
-- OFFSET
-- OFFSET
-- %QUERY_CACHABLE
-- USER_ID: 0


--------------------------------
2020.01.21 13:15:52:
--------------------------------
SELECT tg.*, ptags.post_id FROM tags as tg LEFT JOIN posts_tags as ptags ON (tg.id = ptags.tag_id) WHERE tg.id > 0 AND ptags.post_id IN (689) ORDER by tg.name; -- %QUERY_CACHABLE
--------------------------------
2020.01.21 13:15:52:
--------------------------------
SELECT * FROM categories ORDER BY level;  -- %QUERY_CACHABLE
--------------------------------
2020.01.21 13:15:52:
--------------------------------

            SELECT
                posts.id,
                posts.title,
                posts.created_time,
                array_to_string(posts.tag_id,',', '0') as agg_tags
            FROM
                posts
            WHERE
                posts.id = 689
            GROUP by posts.id;-- %QUERY_CACHABLE
--------------------------------
2020.01.21 13:15:52:
--------------------------------

                    -- Маск задумався над розробкою міні-електропікапа Cybertruck
                    SELECT
                        posts.id,
                        rank
                    FROM
                        posts,
                        ts_rank(posts.svector,websearch_to_tsquery('задумався')) as rank
                    WHERE
                        rank > 0
                        AND posts.id != 689
                        AND posts.tag_id && ARRAY['3'::int8, '6'::int8, '7'::int8, '8'::int8]
                    ORDER by rank DESC
                    OFFSET 0 LIMIT 10;
                -- %QUERY_CACHABLE
--------------------------------
2020.01.21 13:15:52:
--------------------------------

                    -- Маск задумався над розробкою міні-електропікапа Cybertruck
                    SELECT
                        posts.id,
                        rank
                    FROM
                        posts,
                        ts_rank(posts.svector,websearch_to_tsquery('розробкою')) as rank
                    WHERE
                        rank > 0
                        AND posts.id != 689
                        AND posts.tag_id && ARRAY['3'::int8, '6'::int8, '7'::int8, '8'::int8]
                    ORDER by rank DESC
                    OFFSET 0 LIMIT 10;
                -- %QUERY_CACHABLE
--------------------------------
2020.01.21 13:15:52:
--------------------------------

                    -- Маск задумався над розробкою міні-електропікапа Cybertruck
                    SELECT
                        posts.id,
                        rank
                    FROM
                        posts,
                        ts_rank(posts.svector,websearch_to_tsquery('міні-електропікапа')) as rank
                    WHERE
                        rank > 0
                        AND posts.id != 689
                        AND posts.tag_id && ARRAY['3'::int8, '6'::int8, '7'::int8, '8'::int8]
                    ORDER by rank DESC
                    OFFSET 0 LIMIT 10;
                -- %QUERY_CACHABLE
--------------------------------
2020.01.21 13:15:52:
--------------------------------

                    -- Маск задумався над розробкою міні-електропікапа Cybertruck
                    SELECT
                        posts.id,
                        rank
                    FROM
                        posts,
                        ts_rank(posts.svector,websearch_to_tsquery('Cybertruck')) as rank
                    WHERE
                        rank > 0
                        AND posts.id != 689
                        AND posts.tag_id && ARRAY['3'::int8, '6'::int8, '7'::int8, '8'::int8]
                    ORDER by rank DESC
                    OFFSET 0 LIMIT 10;
                -- %QUERY_CACHABLE
--------------------------------
2020.01.21 13:15:52:
--------------------------------
SELECT 
 count( posts.id ) as count 
FROM 
	posts


WHERE 
	posts.id = 1607 


-- %QUERY_CACHABLE
-- USER_ID: 0


--------------------------------
2020.01.21 13:15:52:
--------------------------------
SELECT 
-- SELECT 
	posts.id as "post.id", 
	posts.title as "post.title", 
	posts.alt_title as "post.alt_title", 
	posts.descr as "post.descr", 
	posts.short_post as "post.short_post", 
	posts.author_id as "post.author_id", 
	posts.created_time as "post.created_time", 
	posts.keywords as "post.keywords", 
	posts.posted as "post.posted", 
	posts.fixed as "post.fixed", 
	posts.static as "post.static", 
	posts.full_post as "post.full_post", 
	posts.repost_tg as "post.repost_tg", 
	categ.id as "categ.id", 
	categ.altname as "categ.altname", 
	categ.name as "categ.name", 
	usr.login as "usr.login", 
	usr.email as "usr.email"
-- SELECT
FROM 
	posts
	LEFT JOIN categories as categ ON ( categ.id = posts.category ) -- JOIN
	LEFT JOIN users as usr ON ( usr.id = posts.author_id ) -- JOIN
WHERE 
	posts.id = 1607 
-- ORDER
-- ORDER
-- OFFSET
-- OFFSET
-- %QUERY_CACHABLE
-- USER_ID: 0


--------------------------------
2020.01.21 13:15:52:
--------------------------------
SELECT tg.*, ptags.post_id FROM tags as tg LEFT JOIN posts_tags as ptags ON (tg.id = ptags.tag_id) WHERE tg.id > 0 AND ptags.post_id IN (1607) ORDER by tg.name; -- %QUERY_CACHABLE
--------------------------------
2020.01.21 13:15:52:
--------------------------------
SELECT 
 count( posts.id ) as count 
FROM 
	posts


WHERE 
	posts.id = 598 


-- %QUERY_CACHABLE
-- USER_ID: 0


--------------------------------
2020.01.21 13:15:52:
--------------------------------
SELECT 
-- SELECT 
	posts.id as "post.id", 
	posts.title as "post.title", 
	posts.alt_title as "post.alt_title", 
	posts.descr as "post.descr", 
	posts.short_post as "post.short_post", 
	posts.author_id as "post.author_id", 
	posts.created_time as "post.created_time", 
	posts.keywords as "post.keywords", 
	posts.posted as "post.posted", 
	posts.fixed as "post.fixed", 
	posts.static as "post.static", 
	posts.full_post as "post.full_post", 
	posts.repost_tg as "post.repost_tg", 
	categ.id as "categ.id", 
	categ.altname as "categ.altname", 
	categ.name as "categ.name", 
	usr.login as "usr.login", 
	usr.email as "usr.email"
-- SELECT
FROM 
	posts
	LEFT JOIN categories as categ ON ( categ.id = posts.category ) -- JOIN
	LEFT JOIN users as usr ON ( usr.id = posts.author_id ) -- JOIN
WHERE 
	posts.id = 598 
-- ORDER
-- ORDER
-- OFFSET
-- OFFSET
-- %QUERY_CACHABLE
-- USER_ID: 0


--------------------------------
2020.01.21 13:15:52:
--------------------------------
SELECT tg.*, ptags.post_id FROM tags as tg LEFT JOIN posts_tags as ptags ON (tg.id = ptags.tag_id) WHERE tg.id > 0 AND ptags.post_id IN (598) ORDER by tg.name; -- %QUERY_CACHABLE
--------------------------------
2020.01.21 13:15:52:
--------------------------------
SELECT 
 count( posts.id ) as count 
FROM 
	posts


WHERE 
	posts.id = 616 


-- %QUERY_CACHABLE
-- USER_ID: 0


--------------------------------
2020.01.21 13:15:52:
--------------------------------
SELECT 
-- SELECT 
	posts.id as "post.id", 
	posts.title as "post.title", 
	posts.alt_title as "post.alt_title", 
	posts.descr as "post.descr", 
	posts.short_post as "post.short_post", 
	posts.author_id as "post.author_id", 
	posts.created_time as "post.created_time", 
	posts.keywords as "post.keywords", 
	posts.posted as "post.posted", 
	posts.fixed as "post.fixed", 
	posts.static as "post.static", 
	posts.full_post as "post.full_post", 
	posts.repost_tg as "post.repost_tg", 
	categ.id as "categ.id", 
	categ.altname as "categ.altname", 
	categ.name as "categ.name", 
	usr.login as "usr.login", 
	usr.email as "usr.email"
-- SELECT
FROM 
	posts
	LEFT JOIN categories as categ ON ( categ.id = posts.category ) -- JOIN
	LEFT JOIN users as usr ON ( usr.id = posts.author_id ) -- JOIN
WHERE 
	posts.id = 616 
-- ORDER
-- ORDER
-- OFFSET
-- OFFSET
-- %QUERY_CACHABLE
-- USER_ID: 0


--------------------------------
2020.01.21 13:15:52:
--------------------------------
SELECT tg.*, ptags.post_id FROM tags as tg LEFT JOIN posts_tags as ptags ON (tg.id = ptags.tag_id) WHERE tg.id > 0 AND ptags.post_id IN (616) ORDER by tg.name; -- %QUERY_CACHABLE
--------------------------------
2020.01.21 13:15:52:
--------------------------------
SELECT 
 count( posts.id ) as count 
FROM 
	posts


WHERE 
	posts.id = 1532 


-- %QUERY_CACHABLE
-- USER_ID: 0


--------------------------------
2020.01.21 13:15:52:
--------------------------------
SELECT 
-- SELECT 
	posts.id as "post.id", 
	posts.title as "post.title", 
	posts.alt_title as "post.alt_title", 
	posts.descr as "post.descr", 
	posts.short_post as "post.short_post", 
	posts.author_id as "post.author_id", 
	posts.created_time as "post.created_time", 
	posts.keywords as "post.keywords", 
	posts.posted as "post.posted", 
	posts.fixed as "post.fixed", 
	posts.static as "post.static", 
	posts.full_post as "post.full_post", 
	posts.repost_tg as "post.repost_tg", 
	categ.id as "categ.id", 
	categ.altname as "categ.altname", 
	categ.name as "categ.name", 
	usr.login as "usr.login", 
	usr.email as "usr.email"
-- SELECT
FROM 
	posts
	LEFT JOIN categories as categ ON ( categ.id = posts.category ) -- JOIN
	LEFT JOIN users as usr ON ( usr.id = posts.author_id ) -- JOIN
WHERE 
	posts.id = 1532 
-- ORDER
-- ORDER
-- OFFSET
-- OFFSET
-- %QUERY_CACHABLE
-- USER_ID: 0


--------------------------------
2020.01.21 13:15:52:
--------------------------------
SELECT tg.*, ptags.post_id FROM tags as tg LEFT JOIN posts_tags as ptags ON (tg.id = ptags.tag_id) WHERE tg.id > 0 AND ptags.post_id IN (1532) ORDER by tg.name; -- %QUERY_CACHABLE
--------------------------------
2020.01.21 13:15:52:
--------------------------------
SELECT 
 count( posts.id ) as count 
FROM 
	posts


WHERE 
	posts.id = 369 


-- %QUERY_CACHABLE
-- USER_ID: 0


--------------------------------
2020.01.21 13:15:52:
--------------------------------
SELECT 
-- SELECT 
	posts.id as "post.id", 
	posts.title as "post.title", 
	posts.alt_title as "post.alt_title", 
	posts.descr as "post.descr", 
	posts.short_post as "post.short_post", 
	posts.author_id as "post.author_id", 
	posts.created_time as "post.created_time", 
	posts.keywords as "post.keywords", 
	posts.posted as "post.posted", 
	posts.fixed as "post.fixed", 
	posts.static as "post.static", 
	posts.full_post as "post.full_post", 
	posts.repost_tg as "post.repost_tg", 
	categ.id as "categ.id", 
	categ.altname as "categ.altname", 
	categ.name as "categ.name", 
	usr.login as "usr.login", 
	usr.email as "usr.email"
-- SELECT
FROM 
	posts
	LEFT JOIN categories as categ ON ( categ.id = posts.category ) -- JOIN
	LEFT JOIN users as usr ON ( usr.id = posts.author_id ) -- JOIN
WHERE 
	posts.id = 369 
-- ORDER
-- ORDER
-- OFFSET
-- OFFSET
-- %QUERY_CACHABLE
-- USER_ID: 0


--------------------------------
2020.01.21 13:15:52:
--------------------------------
SELECT tg.*, ptags.post_id FROM tags as tg LEFT JOIN posts_tags as ptags ON (tg.id = ptags.tag_id) WHERE tg.id > 0 AND ptags.post_id IN (369) ORDER by tg.name; -- %QUERY_CACHABLE
--------------------------------
2020.01.21 13:15:52:
--------------------------------
INSERT INTO visit_counter ( ua_hash, ip, browser ) VALUES ( '50027cc66ea01f9c2732ba30158ccdd1', '5.255.250.61'::inet, '[Bot] Yandex' );
--------------------------------
2020.01.21 13:15:52:
--------------------------------

                SELECT
                    tags.id,
                    tags.name,
                    tags.altname,
                    (SELECT count(posts_tags.post_id) FROM posts_tags WHERE posts_tags.tag_id = tags.id ) as news_count
                FROM
                    tags WHERE id > 0 ORDER BY name; -- %QUERY_CACHABLE
--------------------------------
2020.01.21 13:15:52:
--------------------------------
SELECT 
 count( posts.id ) as count 
FROM 
	posts
	LEFT JOIN categories as categ ON ( categ.id = posts.category ) -- JOIN
	LEFT JOIN users as usr ON ( usr.id = posts.author_id ) -- JOIN
WHERE 
	posts.id > 0 AND
	categ.id > 0 AND
	posts.created_time <= ( NOW() + interval '1 year' ) AND
	posts.posted = 1 


-- %QUERY_CACHABLE
-- USER_ID: 0


--------------------------------
2020.01.21 13:15:52:
--------------------------------
SELECT 
-- SELECT 
	posts.id as "post.id", 
	posts.title as "post.title", 
	posts.alt_title as "post.alt_title", 
	posts.descr as "post.descr", 
	posts.short_post as "post.short_post", 
	posts.author_id as "post.author_id", 
	posts.created_time as "post.created_time", 
	posts.keywords as "post.keywords", 
	posts.posted as "post.posted", 
	posts.fixed as "post.fixed", 
	posts.static as "post.static", 
	posts.full_post as "post.full_post", 
	posts.repost_tg as "post.repost_tg", 
	categ.id as "categ.id", 
	categ.altname as "categ.altname", 
	categ.name as "categ.name", 
	usr.login as "usr.login", 
	usr.email as "usr.email"
-- SELECT
FROM 
	posts
	LEFT JOIN categories as categ ON ( categ.id = posts.category ) -- JOIN
	LEFT JOIN users as usr ON ( usr.id = posts.author_id ) -- JOIN
WHERE 
	posts.id > 0 AND
	categ.id > 0 AND
	posts.created_time <= ( NOW() + interval '1 year' ) AND
	posts.posted = 1 
-- ORDER
ORDER BY posts.created_time DESC, posts.fixed DESC, posts.posted ASC 
-- ORDER
-- OFFSET
OFFSET 90 LIMIT 12;
-- OFFSET
-- %QUERY_CACHABLE
-- USER_ID: 0


--------------------------------
2020.01.21 13:15:52:
--------------------------------
SELECT tg.*, ptags.post_id FROM tags as tg LEFT JOIN posts_tags as ptags ON (tg.id = ptags.tag_id) WHERE tg.id > 0 AND ptags.post_id IN (1736,1735,1734,1733,1732,1731,1730,1729,1728,1727,1726,1725) ORDER by tg.name; -- %QUERY_CACHABLE
--------------------------------
2020.01.21 13:15:52:
--------------------------------
SELECT count( DISTINCT ua_hash ) as count FROM visit_counter WHERE date_trunc('day', ts) = date_trunc('day', now());
--------------------------------
2020.01.21 13:15:52:
--------------------------------

                SELECT
                    date_trunc('day', visit_counter.ts) as visit_day,
                    COUNT( DISTINCT visit_counter.ua_hash ) as count
                FROM
                    visit_counter
                WHERE
                    date_trunc('day', visit_counter.ts ) > date_trunc('day', NOW() - INTERVAL '1 week')
                GROUP BY visit_day
                ORDER BY visit_day;
            
--------------------------------
